Release 14.7 - xst P.20131013 (nt64)
Copyright (c) 1995-2013 Xilinx, Inc.  All rights reserved.
--> Parameter TMPDIR set to xst/projnav.tmp


Total REAL time to Xst completion: 0.00 secs
Total CPU time to Xst completion: 0.08 secs
 
--> Parameter xsthdpdir set to xst


Total REAL time to Xst completion: 0.00 secs
Total CPU time to Xst completion: 0.08 secs
 
--> Reading design: Mux.prj

TABLE OF CONTENTS
  1) Synthesis Options Summary
  2) HDL Parsing
  3) HDL Elaboration
  4) HDL Synthesis
       4.1) HDL Synthesis Report
  5) Advanced HDL Synthesis
       5.1) Advanced HDL Synthesis Report
  6) Low Level Synthesis
  7) Partition Report
  8) Design Summary
       8.1) Primitive and Black Box Usage
       8.2) Device utilization summary
       8.3) Partition Resource Summary
       8.4) Timing Report
            8.4.1) Clock Information
            8.4.2) Asynchronous Control Signals Information
            8.4.3) Timing Summary
            8.4.4) Timing Details
            8.4.5) Cross Clock Domains Report


=========================================================================
*                      Synthesis Options Summary                        *
=========================================================================
---- Source Parameters
Input File Name                    : "Mux.prj"
Ignore Synthesis Constraint File   : NO

---- Target Parameters
Output File Name                   : "Mux"
Output Format                      : NGC
Target Device                      : xc7a100t-3-ftg256

---- Source Options
Top Module Name                    : Mux
Automatic FSM Extraction           : YES
FSM Encoding Algorithm             : Auto
Safe Implementation                : No
FSM Style                          : LUT
RAM Extraction                     : Yes
RAM Style                          : Auto
ROM Extraction                     : Yes
Shift Register Extraction          : YES
ROM Style                          : Auto
Resource Sharing                   : YES
Asynchronous To Synchronous        : NO
Shift Register Minimum Size        : 2
Use DSP Block                      : Auto
Automatic Register Balancing       : No

---- Target Options
LUT Combining                      : Auto
Reduce Control Sets                : Auto
Add IO Buffers                     : YES
Global Maximum Fanout              : 100000
Add Generic Clock Buffer(BUFG)     : 32
Register Duplication               : YES
Optimize Instantiated Primitives   : NO
Use Clock Enable                   : Auto
Use Synchronous Set                : Auto
Use Synchronous Reset              : Auto
Pack IO Registers into IOBs        : Auto
Equivalent register Removal        : YES

---- General Options
Optimization Goal                  : Speed
Optimization Effort                : 1
Power Reduction                    : NO
Keep Hierarchy                     : No
Netlist Hierarchy                  : As_Optimized
RTL Output                         : Yes
Global Optimization                : AllClockNets
Read Cores                         : YES
Write Timing Constraints           : NO
Cross Clock Analysis               : NO
Hierarchy Separator                : /
Bus Delimiter                      : <>
Case Specifier                     : Maintain
Slice Utilization Ratio            : 100
BRAM Utilization Ratio             : 100
DSP48 Utilization Ratio            : 100
Auto BRAM Packing                  : NO
Slice Utilization Ratio Delta      : 5

=========================================================================


=========================================================================
*                          HDL Parsing                                  *
=========================================================================
Parsing VHDL file "D:\14.7\Phase1\Mux.vhd" into library work
Parsing entity <Mux>.
Parsing architecture <Behavioral> of entity <mux>.

=========================================================================
*                            HDL Elaboration                            *
=========================================================================

Elaborating entity <Mux> (architecture <Behavioral>) from library <work>.

=========================================================================
*                           HDL Synthesis                               *
=========================================================================

Synthesizing Unit <Mux>.
    Related source file is "D:\14.7\Phase1\Mux.vhd".
    Found 1-bit 4-to-1 multiplexer for signal <Z_3_o_i0[7]_MUX_12_o> created at line 17.
    Found 1-bit 4-to-1 multiplexer for signal <Z_3_o_i0[6]_MUX_16_o> created at line 17.
    Found 1-bit 4-to-1 multiplexer for signal <Z_3_o_i0[5]_MUX_20_o> created at line 17.
    Found 1-bit 4-to-1 multiplexer for signal <Z_3_o_i0[4]_MUX_24_o> created at line 17.
    Found 1-bit 4-to-1 multiplexer for signal <Z_3_o_i0[3]_MUX_28_o> created at line 17.
    Found 1-bit 4-to-1 multiplexer for signal <Z_3_o_i0[2]_MUX_32_o> created at line 17.
    Found 1-bit 4-to-1 multiplexer for signal <Z_3_o_i0[1]_MUX_36_o> created at line 17.
    Found 1-bit 4-to-1 multiplexer for signal <Z_3_o_i0[0]_MUX_40_o> created at line 17.
    Found 1-bit tristate buffer for signal <OP<7>> created at line 17
    Found 1-bit tristate buffer for signal <OP<6>> created at line 17
    Found 1-bit tristate buffer for signal <OP<5>> created at line 17
    Found 1-bit tristate buffer for signal <OP<4>> created at line 17
    Found 1-bit tristate buffer for signal <OP<3>> created at line 17
    Found 1-bit tristate buffer for signal <OP<2>> created at line 17
    Found 1-bit tristate buffer for signal <OP<1>> created at line 17
    Found 1-bit tristate buffer for signal <OP<0>> created at line 17
    Summary:
	inferred   8 Multiplexer(s).
	inferred   8 Tristate(s).
Unit <Mux> synthesized.

=========================================================================
HDL Synthesis Report

Macro Statistics
# Multiplexers                                         : 8
 1-bit 4-to-1 multiplexer                              : 8
# Tristates                                            : 8
 1-bit tristate buffer                                 : 8

=========================================================================

=========================================================================
*                       Advanced HDL Synthesis                          *
=========================================================================


=========================================================================
Advanced HDL Synthesis Report

Macro Statistics
# Multiplexers                                         : 8
 1-bit 4-to-1 multiplexer                              : 8

=========================================================================

=========================================================================
*                         Low Level Synthesis                           *
=========================================================================

Optimizing unit <Mux> ...

Mapping all equations...
Building and optimizing final netlist ...
Found area constraint ratio of 100 (+ 5) on block Mux, actual ratio is 0.

Final Macro Processing ...

=========================================================================
Final Register Report

Found no macro
=========================================================================

=========================================================================
*                           Partition Report                            *
=========================================================================

Partition Implementation Status
-------------------------------

  No Partitions were found in this design.

-------------------------------

=========================================================================
*                            Design Summary                             *
=========================================================================

Top Level Output File Name         : Mux.ngc

Primitive and Black Box Usage:
------------------------------
# BELS                             : 8
#      LUT6                        : 8
# IO Buffers                       : 42
#      IBUF                        : 34
#      OBUF                        : 8

Device utilization summary:
---------------------------

Selected Device : 7a100tftg256-3 


Slice Logic Utilization: 
 Number of Slice LUTs:                    8  out of  63400     0%  
    Number used as Logic:                 8  out of  63400     0%  

Slice Logic Distribution: 
 Number of LUT Flip Flop pairs used:      8
   Number with an unused Flip Flop:       8  out of      8   100%  
   Number with an unused LUT:             0  out of      8     0%  
   Number of fully used LUT-FF pairs:     0  out of      8     0%  
   Number of unique control sets:         0

IO Utilization: 
 Number of IOs:                          42
 Number of bonded IOBs:                  42  out of    170    24%  

Specific Feature Utilization:

---------------------------
Partition Resource Summary:
---------------------------

  No Partitions were found in this design.

---------------------------


=========================================================================
Timing Report

NOTE: THESE TIMING NUMBERS ARE ONLY A SYNTHESIS ESTIMATE.
      FOR ACCURATE TIMING INFORMATION PLEASE REFER TO THE TRACE REPORT
      GENERATED AFTER PLACE-and-ROUTE.

Clock Information:
------------------
No clock signals found in this design

Asynchronous Control Signals Information:
----------------------------------------
No asynchronous control signals found in this design

Timing Summary:
---------------
Speed Grade: -3

   Minimum period: No path found
   Minimum input arrival time before clock: No path found
   Maximum output required time after clock: No path found
   Maximum combinational path delay: 1.103ns

Timing Details:
---------------
All values displayed in nanoseconds (ns)

=========================================================================
Timing constraint: Default path analysis
  Total number of paths / destination ports: 48 / 8
-------------------------------------------------------------------------
Delay:               1.103ns (Levels of Logic = 3)
  Source:            S<0> (PAD)
  Destination:       OP<7> (PAD)

  Data Path: S<0> to OP<7>
                                Gate     Net
    Cell:in->out      fanout   Delay   Delay  Logical Name (Net Name)
    ----------------------------------------  ------------
     IBUF:I->O             8   0.001   0.725  S_0_IBUF (S_0_IBUF)
     LUT6:I0->O            1   0.097   0.279  Mmux_Z_3_o_i0[0]_MUX_40_o11 (OP_0_OBUF)
     OBUF:I->O                 0.000          OP_0_OBUF (OP<0>)
    ----------------------------------------
    Total                      1.103ns (0.098ns logic, 1.005ns route)
                                       (8.9% logic, 91.1% route)

=========================================================================

Cross Clock Domains Report:
--------------------------

=========================================================================


Total REAL time to Xst completion: 10.00 secs
Total CPU time to Xst completion: 10.26 secs
 
--> 

Total memory usage is 4690528 kilobytes

Number of errors   :    0 (   0 filtered)
Number of warnings :    0 (   0 filtered)
Number of infos    :    0 (   0 filtered)

